#
# A fatal error has been detected by the Java Runtime Environment:
#
#  EXCEPTION_PRIV_INSTRUCTION (0xc0000096) at pc=0x0000000002955676, pid=2404, tid=0x00000000000017c8
#
# JRE version: OpenJDK Runtime Environment (8.0_76-b03) (build 1.8.0_76-release-b03)
# Java VM: OpenJDK 64-Bit Server VM (25.76-b03 mixed mode windows-amd64 compressed oops)
# Problematic frame:
# j  com.sun.org.apache.xerces.internal.util.URI.isWellFormedAddress(Ljava/lang/String;)Z+63
#
# Failed to write core dump. Minidumps are not enabled by default on client versions of Windows
#
# If you would like to submit a bug report, please visit:
#   http://bugreport.java.com/bugreport/crash.jsp
#

---------------  T H R E A D  ---------------

Current thread (0x0000000058251800):  JavaThread "Daemon worker" [_thread_in_Java, id=6088, stack(0x0000000059810000,0x0000000059910000)]

siginfo: ExceptionCode=0xc0000096

Registers:
RAX=0x0000000000000000, RBX=0x00000000000000f5, RCX=0x0000000000000000, RDX=0x0000000000000000
RSP=0x000000005990bc70, RBP=0x000000005990bd38, RSI=0x00000000147c1610, RDI=0x00000000edd93d40
R8 =0x0000000000000048, R9 =0x00000000000f2760, R10=0x0000000000000048, R11=0x000000005990b440
R12=0x0000000000000000, R13=0x000000005f029aec, R14=0x000000005990bd70, R15=0x0000000058251800
RIP=0x0000000002955676, EFLAGS=0x0000000000010202

Top of Stack: (sp=0x000000005990bc70)
0x000000005990bc70:   000000005f0268b0 0000000058251800
0x000000005990bc80:   00000000000000f5 00000000147c1610
0x000000005990bc90:   0000000000000000 0000000000000011
0x000000005990bca0:   000000005a589c10 000000000000006d
0x000000005990bcb0:   000000000000002e 00000000edd93d40
0x000000005990bcc0:   00000000147c1610 000000005990bd38
0x000000005990bcd0:   000000005990bcf8 00000000000000f5
0x000000005990bce0:   00000000edd93d28 00000000000000a8
0x000000005990bcf0:   00000000edd93d28 000000005990bcf8
0x000000005990bd00:   000000005f029ae7 000000005990bd70
0x000000005990bd10:   000000005f02ad80 0000000000000000
0x000000005990bd20:   000000005f029c08 0000000000000000
0x000000005990bd30:   000000005990bd70 000000005990bdb8
0x000000005990bd40:   00000000029571e0 0000000000000000
0x000000005990bd50:   0000000000000000 0000000000000000
0x000000005990bd60:   000000000000000f 0000000000000013 

Instructions: (pc=0x0000000002955676)
0x0000000002955656:   48 b9 b0 62 39 5a 00 00 00 00 48 ba 00 56 95 02
0x0000000002955666:   00 00 00 00 4c 8b c4 48 83 e4 f0 e8 2a 8b 74 57
0x0000000002955676:   f4 48 89 64 24 d8 48 81 ec 80 00 00 00 48 89 44
0x0000000002955686:   24 78 48 89 4c 24 70 48 89 54 24 68 48 89 5c 24 


Register to memory mapping:

RAX=0x0000000000000000 is an unknown value
RBX=0x00000000000000f5 is an unknown value
RCX=0x0000000000000000 is an unknown value
RDX=0x0000000000000000 is an unknown value
RSP=0x000000005990bc70 is pointing into the stack for thread: 0x0000000058251800
RBP=0x000000005990bd38 is pointing into the stack for thread: 0x0000000058251800
RSI=0x00000000147c1610 is pointing into metadata
RDI=0x00000000edd93d40 is an oop
[C 
 - klass: {type array char}
 - length: 19
R8 =0x0000000000000048 is an unknown value
R9 =0x00000000000f2760 is an unknown value
R10=0x0000000000000048 is an unknown value
R11=0x000000005990b440 is pointing into the stack for thread: 0x0000000058251800
R12=0x0000000000000000 is an unknown value
R13=0x000000005f029aec is pointing into metadata
R14=0x000000005990bd70 is pointing into the stack for thread: 0x0000000058251800
R15=0x0000000058251800 is a thread


Stack: [0x0000000059810000,0x0000000059910000],  sp=0x000000005990bc70,  free space=1007k
Native frames: (J=compiled Java code, j=interpreted, Vv=VM code, C=native code)
C  0x0000000002955676


---------------  P R O C E S S  ---------------

Java Threads: ( => current thread )
  0x000000005b78a800 JavaThread "File lock request listener" [_thread_in_native, id=5684, stack(0x000000005cf50000,0x000000005d050000)]
  0x0000000056a3b800 JavaThread "Asynchronous log dispatcher for org.gradle.launcher.daemon.server.DefaultDaemonConnection@6df01da1" [_thread_blocked, id=5916, stack(0x00000000594f0000,0x00000000595f0000)]
=>0x0000000058251800 JavaThread "Daemon worker" [_thread_in_Java, id=6088, stack(0x0000000059810000,0x0000000059910000)]
  0x0000000057782800 JavaThread "Cancel handler" [_thread_blocked, id=4584, stack(0x0000000059930000,0x0000000059a30000)]
  0x0000000056a37000 JavaThread "Handler for socket connection from /127.0.0.1:49713 to /127.0.0.1:49714" [_thread_in_native, id=2796, stack(0x00000000596f0000,0x00000000597f0000)]
  0x00000000577ee800 JavaThread "Daemon" [_thread_blocked, id=5500, stack(0x00000000595f0000,0x00000000596f0000)]
  0x0000000057839800 JavaThread "pool-1-thread-1" [_thread_blocked, id=5220, stack(0x00000000593f0000,0x00000000594f0000)]
  0x0000000058305800 JavaThread "Incoming local TCP Connector on port 49713" [_thread_in_native, id=3088, stack(0x0000000058ef0000,0x0000000058ff0000)]
  0x0000000056816800 JavaThread "Service Thread" daemon [_thread_blocked, id=3648, stack(0x0000000056d20000,0x0000000056e20000)]
  0x0000000056813800 JavaThread "C1 CompilerThread2" daemon [_thread_blocked, id=2124, stack(0x00000000571d0000,0x00000000572d0000)]
  0x00000000567a7000 JavaThread "C2 CompilerThread1" daemon [_thread_blocked, id=6044, stack(0x0000000057060000,0x0000000057160000)]
  0x00000000551bb000 JavaThread "C2 CompilerThread0" daemon [_thread_blocked, id=4404, stack(0x0000000056e80000,0x0000000056f80000)]
  0x0000000056798800 JavaThread "Attach Listener" daemon [_thread_blocked, id=5792, stack(0x0000000056bf0000,0x0000000056cf0000)]
  0x00000000551b9000 JavaThread "Signal Dispatcher" daemon [_thread_blocked, id=3244, stack(0x0000000056570000,0x0000000056670000)]
  0x0000000055196800 JavaThread "Finalizer" daemon [_thread_blocked, id=2944, stack(0x0000000056690000,0x0000000056790000)]
  0x000000005514f800 JavaThread "Reference Handler" daemon [_thread_blocked, id=2232, stack(0x0000000056440000,0x0000000056540000)]
  0x00000000000fd800 JavaThread "main" [_thread_blocked, id=5692, stack(0x0000000002850000,0x0000000002950000)]

Other Threads:
  0x0000000055148000 VMThread [stack: 0x00000000562a0000,0x00000000563a0000] [id=5908]
  0x0000000056819000 WatcherThread [stack: 0x0000000057340000,0x0000000057440000] [id=6072]

VM state:not at safepoint (normal execution)

VM Mutex/Monitor currently owned by a thread: None

Heap:
 PSYoungGen      total 70656K, used 52174K [0x00000000eab00000, 0x00000000f1400000, 0x0000000100000000)
  eden space 65536K, 79% used [0x00000000eab00000,0x00000000eddf39f8,0x00000000eeb00000)
  from space 5120K, 0% used [0x00000000ef200000,0x00000000ef200000,0x00000000ef700000)
  to   space 7168K, 0% used [0x00000000eeb00000,0x00000000eeb00000,0x00000000ef200000)
 ParOldGen       total 41984K, used 16038K [0x00000000c0000000, 0x00000000c2900000, 0x00000000eab00000)
  object space 41984K, 38% used [0x00000000c0000000,0x00000000c0fa9988,0x00000000c2900000)
 Metaspace       used 40397K, capacity 41338K, committed 41648K, reserved 1085440K
  class space    used 5453K, capacity 5693K, committed 5808K, reserved 1048576K

Card table byte_map: [0x0000000011d10000,0x0000000011f20000] byte_map_base: 0x0000000011710000

Marking Bits: (ParMarkBitMap*) 0x000000005a599d00
 Begin Bits: [0x00000000125c0000, 0x00000000135c0000)
 End Bits:   [0x00000000135c0000, 0x00000000145c0000)

Polling page: 0x0000000000150000

CodeCache: size=245760Kb used=14131Kb max_used=14387Kb free=231628Kb
 bounds [0x0000000002950000, 0x0000000003780000, 0x0000000011950000]
 total_blobs=4590 nmethods=3905 adapters=599
 compilation: enabled

Compilation events (10 events):
Event: 102.016 Thread 0x0000000056813800 4348       3       com.sun.org.apache.xerces.internal.util.XMLChar::isInvalid (13 bytes)
Event: 102.017 Thread 0x0000000056813800 nmethod 4348 0x0000000002e61690 code [0x0000000002e61800, 0x0000000002e61b30]
Event: 102.017 Thread 0x0000000056813800 4349       3       com.sun.org.apache.xerces.internal.util.XMLChar::isValid (34 bytes)
Event: 102.017 Thread 0x0000000056813800 nmethod 4349 0x00000000031bad90 code [0x00000000031baf00, 0x00000000031bb170]
Event: 102.018 Thread 0x0000000056813800 4350       3       com.sun.org.apache.xerces.internal.util.XMLChar::isContent (35 bytes)
Event: 102.019 Thread 0x0000000056813800 nmethod 4350 0x00000000031ba8d0 code [0x00000000031baa40, 0x00000000031bacb0]
Event: 102.065 Thread 0x0000000056813800 4351       3       com.sun.org.apache.xerces.internal.util.XMLChar::isSpace (22 bytes)
Event: 102.066 Thread 0x0000000056813800 nmethod 4351 0x00000000031ba490 code [0x00000000031ba600, 0x00000000031ba7f0]
Event: 102.066 Thread 0x0000000056813800 4352       1       com.sun.org.apache.xerces.internal.util.XMLAttributesImpl::getLength (5 bytes)
Event: 102.066 Thread 0x0000000056813800 nmethod 4352 0x00000000031d7b50 code [0x00000000031d7ca0, 0x00000000031d7db0]

GC Heap History (10 events):
Event: 73.865 GC heap before
{Heap before GC invocations=12 (full 1):
 PSYoungGen      total 50688K, used 49963K [0x00000000eab00000, 0x00000000ee300000, 0x0000000100000000)
  eden space 45056K, 100% used [0x00000000eab00000,0x00000000ed700000,0x00000000ed700000)
  from space 5632K, 87% used [0x00000000edd80000,0x00000000ee24ad88,0x00000000ee300000)
  to   space 6144K, 0% used [0x00000000ed700000,0x00000000ed700000,0x00000000edd00000)
 ParOldGen       total 31232K, used 10530K [0x00000000c0000000, 0x00000000c1e80000, 0x00000000eab00000)
  object space 31232K, 33% used [0x00000000c0000000,0x00000000c0a488f0,0x00000000c1e80000)
 Metaspace       used 28011K, capacity 28670K, committed 28848K, reserved 1075200K
  class space    used 3848K, capacity 4003K, committed 4016K, reserved 1048576K
Event: 73.876 GC heap after
Heap after GC invocations=12 (full 1):
 PSYoungGen      total 51200K, used 2853K [0x00000000eab00000, 0x00000000ef880000, 0x0000000100000000)
  eden space 45056K, 0% used [0x00000000eab00000,0x00000000eab00000,0x00000000ed700000)
  from space 6144K, 46% used [0x00000000ed700000,0x00000000ed9c95c0,0x00000000edd00000)
  to   space 6144K, 0% used [0x00000000ef280000,0x00000000ef280000,0x00000000ef880000)
 ParOldGen       total 31232K, used 13158K [0x00000000c0000000, 0x00000000c1e80000, 0x00000000eab00000)
  object space 31232K, 42% used [0x00000000c0000000,0x00000000c0cd9910,0x00000000c1e80000)
 Metaspace       used 28011K, capacity 28670K, committed 28848K, reserved 1075200K
  class space    used 3848K, capacity 4003K, committed 4016K, reserved 1048576K
}
Event: 78.815 GC heap before
{Heap before GC invocations=13 (full 1):
 PSYoungGen      total 51200K, used 47909K [0x00000000eab00000, 0x00000000ef880000, 0x0000000100000000)
  eden space 45056K, 100% used [0x00000000eab00000,0x00000000ed700000,0x00000000ed700000)
  from space 6144K, 46% used [0x00000000ed700000,0x00000000ed9c95c0,0x00000000edd00000)
  to   space 6144K, 0% used [0x00000000ef280000,0x00000000ef280000,0x00000000ef880000)
 ParOldGen       total 31232K, used 13158K [0x00000000c0000000, 0x00000000c1e80000, 0x00000000eab00000)
  object space 31232K, 42% used [0x00000000c0000000,0x00000000c0cd9910,0x00000000c1e80000)
 Metaspace       used 28299K, capacity 28862K, committed 29104K, reserved 1075200K
  class space    used 3851K, capacity 4003K, committed 4016K, reserved 1048576K
Event: 78.820 GC heap after
Heap after GC invocations=13 (full 1):
 PSYoungGen      total 72192K, used 1120K [0x00000000eab00000, 0x00000000ef880000, 0x0000000100000000)
  eden space 66048K, 0% used [0x00000000eab00000,0x00000000eab00000,0x00000000eeb80000)
  from space 6144K, 18% used [0x00000000ef280000,0x00000000ef398000,0x00000000ef880000)
  to   space 6656K, 0% used [0x00000000eeb80000,0x00000000eeb80000,0x00000000ef200000)
 ParOldGen       total 31232K, used 13846K [0x00000000c0000000, 0x00000000c1e80000, 0x00000000eab00000)
  object space 31232K, 44% used [0x00000000c0000000,0x00000000c0d85938,0x00000000c1e80000)
 Metaspace       used 28299K, capacity 28862K, committed 29104K, reserved 1075200K
  class space    used 3851K, capacity 4003K, committed 4016K, reserved 1048576K
}
Event: 92.940 GC heap before
{Heap before GC invocations=14 (full 1):
 PSYoungGen      total 72192K, used 67168K [0x00000000eab00000, 0x00000000ef880000, 0x0000000100000000)
  eden space 66048K, 100% used [0x00000000eab00000,0x00000000eeb80000,0x00000000eeb80000)
  from space 6144K, 18% used [0x00000000ef280000,0x00000000ef398000,0x00000000ef880000)
  to   space 6656K, 0% used [0x00000000eeb80000,0x00000000eeb80000,0x00000000ef200000)
 ParOldGen       total 31232K, used 13846K [0x00000000c0000000, 0x00000000c1e80000, 0x00000000eab00000)
  object space 31232K, 44% used [0x00000000c0000000,0x00000000c0d85938,0x00000000c1e80000)
 Metaspace       used 32880K, capacity 33680K, committed 33968K, reserved 1079296K
  class space    used 4431K, capacity 4657K, committed 4784K, reserved 1048576K
Event: 92.964 GC heap after
Heap after GC invocations=14 (full 1):
 PSYoungGen      total 70144K, used 6419K [0x00000000eab00000, 0x00000000ef700000, 0x0000000100000000)
  eden space 63488K, 0% used [0x00000000eab00000,0x00000000eab00000,0x00000000ee900000)
  from space 6656K, 96% used [0x00000000eeb80000,0x00000000ef1c4d80,0x00000000ef200000)
  to   space 5120K, 0% used [0x00000000ef200000,0x00000000ef200000,0x00000000ef700000)
 ParOldGen       total 31232K, used 14334K [0x00000000c0000000, 0x00000000c1e80000, 0x00000000eab00000)
  object space 31232K, 45% used [0x00000000c0000000,0x00000000c0dff938,0x00000000c1e80000)
 Metaspace       used 32880K, capacity 33680K, committed 33968K, reserved 1079296K
  class space    used 4431K, capacity 4657K, committed 4784K, reserved 1048576K
}
Event: 93.935 GC heap before
{Heap before GC invocations=15 (full 1):
 PSYoungGen      total 70144K, used 26512K [0x00000000eab00000, 0x00000000ef700000, 0x0000000100000000)
  eden space 63488K, 31% used [0x00000000eab00000,0x00000000ebe9f600,0x00000000ee900000)
  from space 6656K, 96% used [0x00000000eeb80000,0x00000000ef1c4d80,0x00000000ef200000)
  to   space 5120K, 0% used [0x00000000ef200000,0x00000000ef200000,0x00000000ef700000)
 ParOldGen       total 31232K, used 14334K [0x00000000c0000000, 0x00000000c1e80000, 0x00000000eab00000)
  object space 31232K, 45% used [0x00000000c0000000,0x00000000c0dff938,0x00000000c1e80000)
 Metaspace       used 34652K, capacity 35316K, committed 35496K, reserved 1079296K
  class space    used 4657K, capacity 4855K, committed 4912K, reserved 1048576K
Event: 93.948 GC heap after
Heap after GC invocations=15 (full 1):
 PSYoungGen      total 70656K, used 2362K [0x00000000eab00000, 0x00000000f1400000, 0x0000000100000000)
  eden space 65536K, 0% used [0x00000000eab00000,0x00000000eab00000,0x00000000eeb00000)
  from space 5120K, 46% used [0x00000000ef200000,0x00000000ef44e838,0x00000000ef700000)
  to   space 7168K, 0% used [0x00000000eeb00000,0x00000000eeb00000,0x00000000ef200000)
 ParOldGen       total 31232K, used 16948K [0x00000000c0000000, 0x00000000c1e80000, 0x00000000eab00000)
  object space 31232K, 54% used [0x00000000c0000000,0x00000000c108d178,0x00000000c1e80000)
 Metaspace       used 34652K, capacity 35316K, committed 35496K, reserved 1079296K
  class space    used 4657K, capacity 4855K, committed 4912K, reserved 1048576K
}
Event: 93.948 GC heap before
{Heap before GC invocations=16 (full 2):
 PSYoungGen      total 70656K, used 2362K [0x00000000eab00000, 0x00000000f1400000, 0x0000000100000000)
  eden space 65536K, 0% used [0x00000000eab00000,0x00000000eab00000,0x00000000eeb00000)
  from space 5120K, 46% used [0x00000000ef200000,0x00000000ef44e838,0x00000000ef700000)
  to   space 7168K, 0% used [0x00000000eeb00000,0x00000000eeb00000,0x00000000ef200000)
 ParOldGen       total 31232K, used 16948K [0x00000000c0000000, 0x00000000c1e80000, 0x00000000eab00000)
  object space 31232K, 54% used [0x00000000c0000000,0x00000000c108d178,0x00000000c1e80000)
 Metaspace       used 34652K, capacity 35316K, committed 35496K, reserved 1079296K
  class space    used 4657K, capacity 4855K, committed 4912K, reserved 1048576K
Event: 94.104 GC heap after
Heap after GC invocations=16 (full 2):
 PSYoungGen      total 70656K, used 0K [0x00000000eab00000, 0x00000000f1400000, 0x0000000100000000)
  eden space 65536K, 0% used [0x00000000eab00000,0x00000000eab00000,0x00000000eeb00000)
  from space 5120K, 0% used [0x00000000ef200000,0x00000000ef200000,0x00000000ef700000)
  to   space 7168K, 0% used [0x00000000eeb00000,0x00000000eeb00000,0x00000000ef200000)
 ParOldGen       total 41984K, used 16038K [0x00000000c0000000, 0x00000000c2900000, 0x00000000eab00000)
  object space 41984K, 38% used [0x00000000c0000000,0x00000000c0fa9988,0x00000000c2900000)
 Metaspace       used 34652K, capacity 35316K, committed 35496K, reserved 1079296K
  class space    used 4657K, capacity 4855K, committed 4912K, reserved 1048576K
}

Deoptimization events (10 events):
Event: 95.743 Thread 0x0000000058251800 Uncommon trap: reason=class_check action=maybe_recompile pc=0x00000000032bca98 method=java.util.Hashtable.put(Ljava/lang/Object;Ljava/lang/Object;)Ljava/lang/Object; @ 18
Event: 95.744 Thread 0x0000000058251800 Uncommon trap: reason=class_check action=maybe_recompile pc=0x00000000032ba694 method=java.util.Hashtable.addEntry(ILjava/lang/Object;Ljava/lang/Object;I)V @ 38
Event: 95.744 Thread 0x0000000058251800 Uncommon trap: reason=unstable_if action=reinterpret pc=0x0000000002e6baec method=java.lang.CharacterDataLatin1.isWhitespace(I)Z @ 14
Event: 95.966 Thread 0x0000000058251800 Uncommon trap: reason=unstable_if action=reinterpret pc=0x000000000308259c method=java.security.CodeSource.getCertificates()[Ljava/security/cert/Certificate; @ 22
Event: 95.993 Thread 0x0000000058251800 Uncommon trap: reason=unstable_if action=reinterpret pc=0x000000000301dce4 method=java.util.LinkedHashMap.get(Ljava/lang/Object;)Ljava/lang/Object; @ 20
Event: 98.680 Thread 0x0000000058251800 Uncommon trap: reason=class_check action=maybe_recompile pc=0x00000000033e5544 method=java.util.AbstractList$Itr.hasNext()Z @ 8
Event: 98.689 Thread 0x0000000058251800 Uncommon trap: reason=class_check action=maybe_recompile pc=0x00000000033e5544 method=java.util.AbstractList$Itr.hasNext()Z @ 8
Event: 98.689 Thread 0x0000000058251800 Uncommon trap: reason=class_check action=maybe_recompile pc=0x00000000033e5544 method=java.util.AbstractList$Itr.hasNext()Z @ 8
Event: 98.690 Thread 0x0000000058251800 Uncommon trap: reason=class_check action=maybe_recompile pc=0x00000000033e5544 method=java.util.AbstractList$Itr.hasNext()Z @ 8
Event: 99.598 Thread 0x0000000058251800 Uncommon trap: reason=unstable_if action=reinterpret pc=0x0000000002d42918 method=java.io.DataInputStream.readUTF(Ljava/io/DataInput;)Ljava/lang/String; @ 31

Internal exceptions (10 events):
Event: 97.183 Thread 0x0000000058251800 Exception <a 'sun/nio/fs/WindowsException'> (0x00000000ed77a330) thrown at [C:\src\android\AOSP-openjdk\external\jetbrains\jdk\hotspot\src\share\vm\prims\jni.cpp, line 709]
Event: 97.184 Thread 0x0000000058251800 Exception <a 'sun/nio/fs/WindowsException'> (0x00000000ed77ac88) thrown at [C:\src\android\AOSP-openjdk\external\jetbrains\jdk\hotspot\src\share\vm\prims\jni.cpp, line 709]
Event: 97.184 Thread 0x0000000058251800 Exception <a 'sun/nio/fs/WindowsException'> (0x00000000ed77c248) thrown at [C:\src\android\AOSP-openjdk\external\jetbrains\jdk\hotspot\src\share\vm\prims\jni.cpp, line 709]
Event: 97.184 Thread 0x0000000058251800 Exception <a 'sun/nio/fs/WindowsException'> (0x00000000ed77cbe0) thrown at [C:\src\android\AOSP-openjdk\external\jetbrains\jdk\hotspot\src\share\vm\prims\jni.cpp, line 709]
Event: 97.184 Thread 0x0000000058251800 Exception <a 'sun/nio/fs/WindowsException'> (0x00000000ed77f0e8) thrown at [C:\src\android\AOSP-openjdk\external\jetbrains\jdk\hotspot\src\share\vm\prims\jni.cpp, line 709]
Event: 97.184 Thread 0x0000000058251800 Exception <a 'sun/nio/fs/WindowsException'> (0x00000000ed77fab8) thrown at [C:\src\android\AOSP-openjdk\external\jetbrains\jdk\hotspot\src\share\vm\prims\jni.cpp, line 709]
Event: 97.184 Thread 0x0000000058251800 Exception <a 'sun/nio/fs/WindowsException'> (0x00000000ed7810f0) thrown at [C:\src\android\AOSP-openjdk\external\jetbrains\jdk\hotspot\src\share\vm\prims\jni.cpp, line 709]
Event: 97.184 Thread 0x0000000058251800 Exception <a 'sun/nio/fs/WindowsException'> (0x00000000ed781b00) thrown at [C:\src\android\AOSP-openjdk\external\jetbrains\jdk\hotspot\src\share\vm\prims\jni.cpp, line 709]
Event: 97.515 Thread 0x0000000058251800 Exception <a 'java/lang/ClassNotFoundException': com/sun/org/glassfish/hk2/osgiresourcelocator/ServiceLoader> (0x00000000ed7d8ff0) thrown at [C:\src\android\AOSP-openjdk\external\jetbrains\jdk\hotspot\src\share\vm\classfile\systemDictionary.cpp, line 210]
Event: 97.813 Thread 0x0000000058251800 Exception <a 'java/lang/NullPointerException'> (0x00000000ed80d6e8) thrown at [C:\src\android\AOSP-openjdk\external\jetbrains\jdk\hotspot\src\share\vm\interpreter\linkResolver.cpp, line 1280]

Events (10 events):
Event: 102.342 loading class com/sun/org/apache/xerces/internal/impl/xs/traversers/XSDUniqueOrKeyTraverser
Event: 102.342 loading class com/sun/org/apache/xerces/internal/impl/xs/traversers/XSDUniqueOrKeyTraverser done
Event: 102.342 loading class com/sun/org/apache/xerces/internal/impl/xs/traversers/XSDWildcardTraverser
Event: 102.352 loading class com/sun/org/apache/xerces/internal/impl/xs/traversers/XSDWildcardTraverser done
Event: 102.352 loading class com/sun/org/apache/xerces/internal/impl/xs/SchemaNamespaceSupport
Event: 102.352 loading class com/sun/org/apache/xerces/internal/impl/xs/SchemaNamespaceSupport done
Event: 102.352 loading class com/sun/org/apache/xerces/internal/impl/xs/opti/NamedNodeMapImpl
Event: 102.352 loading class com/sun/org/apache/xerces/internal/impl/xs/opti/NamedNodeMapImpl done
Event: 102.353 Executing VM operation: Deoptimize
Event: 102.353 Executing VM operation: Deoptimize done


Dynamic libraries:
0x000000013f640000 - 0x000000013f671000 	E:\1RuanJian\Android Studio\jre\bin\java.exe
0x0000000076ed0000 - 0x0000000077079000 	C:\Windows\SYSTEM32\ntdll.dll
0x0000000076cb0000 - 0x0000000076dcf000 	C:\Windows\system32\kernel32.dll
0x000007fefd010000 - 0x000007fefd07b000 	C:\Windows\system32\KERNELBASE.dll
0x000007fefebc0000 - 0x000007fefec9b000 	C:\Windows\system32\ADVAPI32.dll
0x000007fefd420000 - 0x000007fefd4bf000 	C:\Windows\system32\msvcrt.dll
0x000007fefe9e0000 - 0x000007fefe9ff000 	C:\Windows\SYSTEM32\sechost.dll
0x000007fefd290000 - 0x000007fefd3bd000 	C:\Windows\system32\RPCRT4.dll
0x0000000076dd0000 - 0x0000000076eca000 	C:\Windows\system32\USER32.dll
0x000007fefee80000 - 0x000007fefeee7000 	C:\Windows\system32\GDI32.dll
0x000007feff150000 - 0x000007feff15e000 	C:\Windows\system32\LPK.dll
0x000007fefd690000 - 0x000007fefd759000 	C:\Windows\system32\USP10.dll
0x000007fefb710000 - 0x000007fefb904000 	C:\Windows\WinSxS\amd64_microsoft.windows.common-controls_6595b64144ccf1df_6.0.7601.17514_none_fa396087175ac9ac\COMCTL32.dll
0x000007feff160000 - 0x000007feff1d1000 	C:\Windows\system32\SHLWAPI.dll
0x000007fefd4c0000 - 0x000007fefd4ee000 	C:\Windows\system32\IMM32.DLL
0x000007fefeab0000 - 0x000007fefebb9000 	C:\Windows\system32\MSCTF.dll
0x000000005db30000 - 0x000000005dc02000 	E:\1RuanJian\Android Studio\jre\jre\bin\msvcr100.dll
0x0000000059de0000 - 0x000000005a614000 	E:\1RuanJian\Android Studio\jre\jre\bin\server\jvm.dll
0x000007fef4630000 - 0x000007fef4639000 	C:\Windows\system32\WSOCK32.dll
0x000007feff100000 - 0x000007feff14d000 	C:\Windows\system32\WS2_32.dll
0x000007fefeaa0000 - 0x000007fefeaa8000 	C:\Windows\system32\NSI.dll
0x000007fef9810000 - 0x000007fef984b000 	C:\Windows\system32\WINMM.dll
0x000007fefbf00000 - 0x000007fefbf0c000 	C:\Windows\system32\VERSION.dll
0x00000000770a0000 - 0x00000000770a7000 	C:\Windows\system32\PSAPI.DLL
0x000007fef2f40000 - 0x000007fef2f4f000 	E:\1RuanJian\Android Studio\jre\jre\bin\verify.dll
0x000007fef2df0000 - 0x000007fef2e19000 	E:\1RuanJian\Android Studio\jre\jre\bin\java.dll
0x000007fef1a80000 - 0x000007fef1a96000 	E:\1RuanJian\Android Studio\jre\jre\bin\zip.dll
0x000007fefd910000 - 0x000007fefe698000 	C:\Windows\system32\SHELL32.dll
0x000007fefeef0000 - 0x000007feff0f3000 	C:\Windows\system32\ole32.dll
0x000007fefce20000 - 0x000007fefce2f000 	C:\Windows\system32\profapi.dll
0x000007fef1a60000 - 0x000007fef1a7a000 	E:\1RuanJian\Android Studio\jre\jre\bin\net.dll
0x000007fefc750000 - 0x000007fefc7a5000 	C:\Windows\system32\mswsock.dll
0x000007fefc740000 - 0x000007fefc747000 	C:\Windows\System32\wship6.dll
0x000007fef1a40000 - 0x000007fef1a51000 	E:\1RuanJian\Android Studio\jre\jre\bin\nio.dll
0x000007fef1a20000 - 0x000007fef1a32000 	C:\Users\vivid\.gradle\native\19\windows-amd64\native-platform.dll
0x000007fefc7b0000 - 0x000007fefc7c7000 	C:\Windows\system32\CRYPTSP.dll
0x000007fefc4b0000 - 0x000007fefc4f7000 	C:\Windows\system32\rsaenh.dll
0x000007fefc140000 - 0x000007fefc15e000 	C:\Windows\system32\USERENV.dll
0x000007fefcd50000 - 0x000007fefcd5f000 	C:\Windows\system32\CRYPTBASE.dll
0x000007fefa920000 - 0x000007fefa947000 	C:\Windows\system32\IPHLPAPI.DLL
0x000007fefa910000 - 0x000007fefa91b000 	C:\Windows\system32\WINNSI.DLL
0x000007fefa700000 - 0x000007fefa718000 	C:\Windows\system32\dhcpcsvc.DLL
0x000007fefa6e0000 - 0x000007fefa6f1000 	C:\Windows\system32\dhcpcsvc6.DLL
0x000007fef2f30000 - 0x000007fef2f3d000 	E:\1RuanJian\Android Studio\jre\jre\bin\management.dll
0x000007fefccf0000 - 0x000007fefcd47000 	C:\Windows\system32\apphelp.dll
0x000007feeaa20000 - 0x000007feeab45000 	C:\Windows\system32\dbghelp.dll

VM Arguments:
jvm_args: -Xmx1024m -Dfile.encoding=GBK -Duser.country=CN -Duser.language=zh -Duser.variant 
java_command: org.gradle.launcher.daemon.bootstrap.GradleDaemon 2.14.1
java_class_path (initial): E:\1RuanJian\Android Studio\gradle\gradle-2.14.1\lib\gradle-launcher-2.14.1.jar
Launcher Type: SUN_STANDARD

Environment Variables:
JAVA_HOME=C:\Program Files\Java\jdk1.8.0_111
CLASSPATH= .;C:\Program Files\Java\jdk1.8.0_111\lib;C:\Program Files\Java\jdk1.8.0_111\lib\tools.jar
PATH=C:\ProgramData\Oracle\Java\javapath;C:\Program Files (x86)\NVIDIA Corporation\PhysX\Common;C:\Program Files (x86)\AMD APP\bin\x86_64;C:\Program Files (x86)\AMD APP\bin\x86;C:\Windows\system32;C:\Windows;C:\Windows\System32\Wbem;C:\Windows\System32\WindowsPowerShell\v1.0\;C:\Program Files (x86)\ATI Technologies\ATI.ACE\Core-Static;E:\1RuanJian\mysql\bin;C:\Program Files\Java\jdk1.8.0_111\bin;C:\Program Files\Java\jdk1.8.0_111\jre\bin;E:\1RuanJian\Android\sdk\tools;E:\1RuanJian\Android\sdk\platform-tools;
USERNAME=vivid
OS=Windows_NT
PROCESSOR_IDENTIFIER=AMD64 Family 18 Model 1 Stepping 0, AuthenticAMD



---------------  S Y S T E M  ---------------

OS: Windows 7 , 64 bit Build 7601 (6.1.7601.17514)

CPU:total 4 (4 cores per cpu, 1 threads per core) family 18 model 1 stepping 0, cmov, cx8, fxsr, mmx, sse, sse2, sse3, popcnt, mmxext, 3dnowpref, lzcnt, sse4a, tsc, tscinvbit, tscinv

Memory: 4k page, physical 3643504k(969252k free), swap 8884540k(5245180k free)

vm_info: OpenJDK 64-Bit Server VM (25.76-b03) for windows-amd64 JRE (1.8.0_76-release-b03), built on Jun 29 2016 19:09:20 by "ralucas" with MS VC++ 10.0 (VS2010)

time: Mon Dec 19 09:06:49 2016
elapsed time: 102 seconds (0d 0h 1m 42s)

